Error displaying message
java.lang.reflect.InvocationTargetException
	at java.awt.EventQueue.invokeAndWait(EventQueue.java:1126)
	at java.awt.EventQueue.invokeAndWait(EventQueue.java:1103)
	at javax.swing.SwingUtilities.invokeAndWait(SwingUtilities.java:1326)
	at uchicago.src.sim.gui.RepastConsole.copyOutputToConsole(Unknown Source)
	at uchicago.src.sim.gui.RepastConsole.run(Unknown Source)
	at java.lang.Thread.run(Thread.java:695)
Caused by: java.lang.OutOfMemoryError: Java heap space
	at javax.swing.text.GapContent$MarkVector.allocateArray(GapContent.java:579)
	at javax.swing.text.GapVector.resize(GapVector.java:197)
	at javax.swing.text.GapVector.shiftEnd(GapVector.java:212)
	at javax.swing.text.GapVector.open(GapVector.java:184)
	at javax.swing.text.GapVector.replace(GapVector.java:125)
	at javax.swing.text.GapContent$MarkVector.insertElementAt(GapContent.java:603)
	at javax.swing.text.GapContent.createPosition(GapContent.java:234)
	at javax.swing.text.AbstractDocument.createPosition(AbstractDocument.java:816)
	at javax.swing.text.AbstractDocument$LeafElement.<init>(AbstractDocument.java:2491)
	at javax.swing.text.AbstractDocument.createLeafElement(AbstractDocument.java:1260)
	at javax.swing.text.PlainDocument.insertUpdate(PlainDocument.java:184)
	at javax.swing.text.AbstractDocument.handleInsertString(AbstractDocument.java:731)
	at javax.swing.text.AbstractDocument.insertString(AbstractDocument.java:693)
	at javax.swing.text.PlainDocument.insertString(PlainDocument.java:114)
	at javax.swing.JTextArea.append(JTextArea.java:470)
	at uchicago.src.sim.gui.RepastConsole$Cat.run(Unknown Source)
	at java.awt.event.InvocationEvent.dispatch(InvocationEvent.java:199)
	at java.awt.EventQueue.dispatchEventImpl(EventQueue.java:715)
	at java.awt.EventQueue.access$400(EventQueue.java:82)
	at java.awt.EventQueue$2.run(EventQueue.java:676)
	at java.awt.EventQueue$2.run(EventQueue.java:674)
	at java.security.AccessController.doPrivileged(Native Method)
	at java.security.AccessControlContext$1.doIntersectionPrivilege(AccessControlContext.java:86)
	at java.awt.EventQueue.dispatchEvent(EventQueue.java:685)
	at java.awt.EventDispatchThread.pumpOneEventForFilters(EventDispatchThread.java:296)
	at java.awt.EventDispatchThread.pumpEventsForFilter(EventDispatchThread.java:211)
	at java.awt.EventDispatchThread.pumpEventsForHierarchy(EventDispatchThread.java:201)
	at java.awt.EventDispatchThread.pumpEvents(EventDispatchThread.java:196)
	at java.awt.EventDispatchThread.pumpEvents(EventDispatchThread.java:188)
	at java.awt.EventDispatchThread.run(EventDispatchThread.java:122)
